Started GET "/" for ::1 at 2021-02-08 17:23:56 -0800
Started GET "/" for ::1 at 2021-02-08 17:23:56 -0800

ActiveRecord::NoDatabaseError - FATAL:  database "jefflix_development" does not exist:


ActiveRecord::NoDatabaseError - FATAL:  database "jefflix_development" does not exist:

Started POST "/__better_errors/bbea94369bce5fb8/variables" for ::1 at 2021-02-08 17:23:57 -0800
  [1m[35m (590.8ms)[0m  [1m[35mCREATE DATABASE "jefflix_development" ENCODING = 'unicode'[0m
  ↳ bin/rails:9
  [1m[35m (185.5ms)[0m  [1m[35mCREATE DATABASE "jefflix_test" ENCODING = 'unicode'[0m
  ↳ bin/rails:9
Started GET "/" for ::1 at 2021-02-08 17:25:10 -0800
Processing by Rails::WelcomeController#index as HTML
  Rendering /Users/scottbogart/.rbenv/versions/2.5.1/lib/ruby/gems/2.5.0/gems/railties-5.2.4.4/lib/rails/templates/rails/welcome/index.html.erb
  Rendered /Users/scottbogart/.rbenv/versions/2.5.1/lib/ruby/gems/2.5.0/gems/railties-5.2.4.4/lib/rails/templates/rails/welcome/index.html.erb (6.9ms)
Completed 200 OK in 63ms (Views: 37.9ms | ActiveRecord: 0.0ms)


Started GET "/" for ::1 at 2021-02-08 17:27:13 -0800
Processing by StaticPagesController#root as HTML
  Rendering static_pages/root.html.erb within layouts/application
  Rendered static_pages/root.html.erb within layouts/application (3.0ms)
Completed 200 OK in 5726ms (Views: 5706.8ms | ActiveRecord: 0.0ms)


Started GET "/" for ::1 at 2021-02-08 17:45:12 -0800

ActionController::RoutingError - uninitialized constant StaticPagesController:

Started POST "/__better_errors/a84de427a44961d0/variables" for ::1 at 2021-02-08 17:45:13 -0800
Started GET "/" for ::1 at 2021-02-08 17:46:50 -0800

ActionController::RoutingError - uninitialized constant StaticPagesController:

Started POST "/__better_errors/d0e2a36f06bce7ce/variables" for ::1 at 2021-02-08 17:46:51 -0800
Started GET "/" for ::1 at 2021-02-08 17:51:28 -0800

ActionController::RoutingError - uninitialized constant StaticPagesController:

Started POST "/__better_errors/72e43ed497cf0f41/variables" for ::1 at 2021-02-08 17:51:29 -0800
  [1m[35m (12.8ms)[0m  [1m[35mCREATE DATABASE "jefflix_development" ENCODING = 'unicode'[0m
  ↳ bin/rails:9
  [1m[35m (2.6ms)[0m  [1m[35mCREATE DATABASE "jefflix_test" ENCODING = 'unicode'[0m
  ↳ bin/rails:9
Started GET "/" for ::1 at 2021-02-08 17:53:25 -0800
Processing by Api::StaticPagesController#root as HTML
  Rendering api/static_pages/root.html.erb within layouts/application
  Rendered api/static_pages/root.html.erb within layouts/application (4.3ms)
Completed 200 OK in 7830ms (Views: 7816.5ms | ActiveRecord: 0.0ms)


Started GET "/" for ::1 at 2021-02-08 17:55:31 -0800

ActionController::RoutingError - uninitialized constant StaticPagesController:

Started POST "/__better_errors/9c4e1ccfe2e65618/variables" for ::1 at 2021-02-08 17:55:33 -0800
Started GET "/" for ::1 at 2021-02-08 17:55:41 -0800
Processing by Api::StaticPagesController#root as HTML
  Rendering api/static_pages/root.html.erb within layouts/application
  Rendered api/static_pages/root.html.erb within layouts/application (1.7ms)
Completed 200 OK in 131ms (Views: 117.5ms | ActiveRecord: 0.0ms)


Started GET "/" for ::1 at 2021-02-08 18:00:28 -0800
Processing by StaticPagesController#root as HTML
  Rendering static_pages/root.html.erb within layouts/application
  Rendered static_pages/root.html.erb within layouts/application (4.5ms)
Completed 200 OK in 6704ms (Views: 6692.6ms | ActiveRecord: 0.0ms)


Started GET "/" for ::1 at 2021-02-08 18:00:43 -0800
Processing by StaticPagesController#root as HTML
  Rendering static_pages/root.html.erb within layouts/application
  Rendered static_pages/root.html.erb within layouts/application (0.7ms)
Completed 200 OK in 467ms (Views: 457.9ms | ActiveRecord: 0.0ms)


